DEBUG:matplotlib.backends:backend module://ipykernel.pylab.backend_inline version unknown
ERROR:sqlalchemy.pool.QueuePool:Exception during reset or similar
Traceback (most recent call last):
  File "/home/ericbarnhill/anaconda3/envs/ecb/lib/python3.6/site-packages/Bio/Entrez/Parser.py", line 384, in startElementHandler
    current.append(object)
AttributeError: 'StructureElement' object has no attribute 'append'

During handling of the above exception, another exception occurred:

Traceback (most recent call last):
  File "/home/ericbarnhill/anaconda3/envs/ecb/lib/python3.6/site-packages/sqlalchemy/pool.py", line 709, in _finalize_fairy
    fairy._reset(pool)
  File "/home/ericbarnhill/anaconda3/envs/ecb/lib/python3.6/site-packages/sqlalchemy/pool.py", line 880, in _reset
    pool._dialect.do_rollback(self)
  File "/home/ericbarnhill/anaconda3/envs/ecb/lib/python3.6/site-packages/sqlalchemy/engine/default.py", line 457, in do_rollback
    dbapi_connection.rollback()
psycopg2.OperationalError: terminating connection due to administrator command
server closed the connection unexpectedly
	This probably means the server terminated abnormally
	before or while processing the request.

DEBUG:matplotlib.backends:backend module://ipykernel.pylab.backend_inline version unknown
DEBUG:matplotlib.backends:backend module://ipykernel.pylab.backend_inline version unknown
DEBUG:matplotlib.backends:backend module://ipykernel.pylab.backend_inline version unknown
DEBUG:matplotlib.backends:backend module://ipykernel.pylab.backend_inline version unknown
INFO:root:Query from 2015-06-01 to 2015-09-01
INFO:root:Length of results: 36776
INFO:root:Query from 2015-07-01 to 2015-10-01
INFO:root:Length of results: 36492
INFO:root:Query from 2015-08-01 to 2015-11-01
INFO:root:Length of results: 35164
INFO:root:Query from 2015-09-01 to 2015-12-01
INFO:root:Length of results: 34122
INFO:root:Query from 2015-10-01 to 2016-01-01
INFO:root:Length of results: 33251
INFO:root:Query from 2015-11-01 to 2016-02-01
INFO:root:Length of results: 33412
INFO:root:Query from 2015-12-01 to 2016-03-01
INFO:root:Length of results: 35073
INFO:root:Query from 2016-01-01 to 2016-04-01
INFO:root:Length of results: 37295
INFO:root:Query from 2016-02-01 to 2016-05-01
INFO:root:Length of results: 38128
INFO:root:Query from 2016-03-01 to 2016-06-01
INFO:root:Length of results: 37749
INFO:root:Query from 2016-04-01 to 2016-07-01
INFO:root:Length of results: 37450
INFO:root:Query from 2016-05-01 to 2016-08-01
INFO:root:Length of results: 37587
INFO:root:Abstract 0...
INFO:root:Abstract 1000...
INFO:root:Abstract 2000...
INFO:root:Abstract 3000...
INFO:root:Abstract 4000...
INFO:root:Abstract 5000...
INFO:root:Abstract 6000...
INFO:root:Abstract 7000...
INFO:root:Abstract 8000...
INFO:root:Abstract 9000...
INFO:root:Abstract 10000...
INFO:root:Abstract 11000...
INFO:root:Abstract 12000...
INFO:root:Abstract 13000...
INFO:root:Abstract 14000...
INFO:root:Abstract 15000...
INFO:root:Abstract 16000...
INFO:root:Abstract 17000...
INFO:root:Abstract 18000...
INFO:root:Abstract 19000...
INFO:root:Abstract 20000...
INFO:root:Abstract 21000...
INFO:root:Abstract 22000...
INFO:root:Abstract 23000...
INFO:root:Abstract 24000...
INFO:root:Abstract 25000...
INFO:root:Abstract 26000...
INFO:root:Abstract 27000...
INFO:root:Abstract 28000...
INFO:root:Abstract 29000...
